[2016/05/17 04:33:56] [warning] Language dir not found: /home/suiken/Documents/TP1_Systemes_Repartis/../UserLanguage
[2016/05/17 04:33:56] [warning] Cannot read Product and Edition
[2016/05/17 04:34:04] [message] java.lang.NoClassDefFoundError: kotlin/SetsKt
[2016/05/17 04:34:04] [message] at org.intellij.markdown.lexer.MarkdownLexer.<clinit>(MarkdownLexer.kt:72)
[2016/05/17 04:34:04] [message] at org.intellij.markdown.flavours.gfm.GFMFlavourDescriptor.createInlinesLexer(GFMFlavourDescriptor.kt:25)
[2016/05/17 04:34:04] [message] at org.intellij.plugins.markdown.lang.lexer.MarkdownLexerAdapter.<init>(MarkdownLexerAdapter.java:28)
[2016/05/17 04:34:04] [message] at org.intellij.plugins.markdown.highlighting.MarkdownHighlightingLexer.<init>(MarkdownHighlightingLexer.java:13)
[2016/05/17 04:34:04] [message] at org.intellij.plugins.markdown.highlighting.MarkdownSyntaxHighlighter.<init>(MarkdownSyntaxHighlighter.java:32)
[2016/05/17 04:34:04] [message] at org.intellij.plugins.markdown.highlighting.MarkdownHighlightingAnnotator.<clinit>(MarkdownHighlightingAnnotator.java:32)
[2016/05/17 04:34:04] [message] at java.lang.Class.forName0(Native Method)
[2016/05/17 04:34:04] [message] at java.lang.Class.forName(Class.java:348)
[2016/05/17 04:34:04] [message] at com.intellij.openapi.extensions.AbstractExtensionPointBean.findClass(AbstractExtensionPointBean.java:42)
[2016/05/17 04:34:04] [message] at com.intellij.openapi.extensions.AbstractExtensionPointBean.instantiate(AbstractExtensionPointBean.java:63)
[2016/05/17 04:34:04] [message] at com.intellij.openapi.extensions.CustomLoadingExtensionPointBean.instantiateExtension(CustomLoadingExtensionPointBean.java:47)
[2016/05/17 04:34:04] [message] at com.intellij.lang.LanguageExtensionPoint.access$000(LanguageExtensionPoint.java:28)
[2016/05/17 04:34:04] [message] at com.intellij.lang.LanguageExtensionPoint$1.compute(LanguageExtensionPoint.java:42)
[2016/05/17 04:34:04] [message] at com.intellij.openapi.util.NotNullLazyValue.getValue(NotNullLazyValue.java:39)
[2016/05/17 04:34:04] [message] at com.intellij.lang.LanguageExtensionPoint.getInstance(LanguageExtensionPoint.java:53)
[2016/05/17 04:34:04] [message] at com.intellij.openapi.util.KeyedExtensionCollector$1.extensionAdded(KeyedExtensionCollector.java:196)
[2016/05/17 04:34:04] [message] at com.intellij.openapi.util.KeyedExtensionCollector$1.extensionAdded(KeyedExtensionCollector.java:182)
[2016/05/17 04:34:04] [message] at com.intellij.openapi.extensions.impl.ExtensionPointImpl.addExtensionPointListener(ExtensionPointImpl.java:368)
[2016/05/17 04:34:04] [message] at com.intellij.openapi.util.KeyedExtensionCollector.getPoint(KeyedExtensionCollector.java:217)
[2016/05/17 04:34:04] [message] at com.intellij.openapi.util.KeyedExtensionCollector.buildExtensions(KeyedExtensionCollector.java:147)
[2016/05/17 04:34:04] [message] at com.intellij.openapi.util.KeyedExtensionCollector.buildExtensions(KeyedExtensionCollector.java:127)
[2016/05/17 04:34:04] [message] at com.intellij.openapi.util.KeyedExtensionCollector.forKey(KeyedExtensionCollector.java:115)
[2016/05/17 04:34:04] [message] at com.intellij.lang.LanguageExtension.allForLanguage(LanguageExtension.java:75)
[2016/05/17 04:34:04] [message] at com.intellij.codeInsight.daemon.impl.DefaultHighlightVisitor$1.initialValue(DefaultHighlightVisitor.java:130)
[2016/05/17 04:34:04] [message] at com.intellij.codeInsight.daemon.impl.DefaultHighlightVisitor$1.initialValue(DefaultHighlightVisitor.java:125)
[2016/05/17 04:34:04] [message] at com.intellij.codeInsight.daemon.impl.ThreadLocalAnnotatorMap.get(ThreadLocalAnnotatorMap.java:73)
[2016/05/17 04:34:04] [message] at com.intellij.codeInsight.daemon.impl.DefaultHighlightVisitor.a(DefaultHighlightVisitor.java:149)
[2016/05/17 04:34:04] [message] at com.intellij.codeInsight.daemon.impl.DefaultHighlightVisitor.visit(DefaultHighlightVisitor.java:103)
[2016/05/17 04:34:04] [message] at com.intellij.codeInsight.daemon.impl.GeneralHighlightingPass.a(GeneralHighlightingPass.java:354)
[2016/05/17 04:34:04] [message] at com.intellij.codeInsight.daemon.impl.GeneralHighlightingPass.access$100(GeneralHighlightingPass.java:65)
[2016/05/17 04:34:04] [message] at com.intellij.codeInsight.daemon.impl.GeneralHighlightingPass$3.run(GeneralHighlightingPass.java:283)
[2016/05/17 04:34:04] [message] at com.intellij.codeInsight.daemon.impl.GeneralHighlightingPass.a(GeneralHighlightingPass.java:308)
[2016/05/17 04:34:04] [message] at com.intellij.codeInsight.daemon.impl.GeneralHighlightingPass.access$200(GeneralHighlightingPass.java:65)
[2016/05/17 04:34:04] [message] at com.intellij.codeInsight.daemon.impl.GeneralHighlightingPass$4.run(GeneralHighlightingPass.java:314)
[2016/05/17 04:34:04] [message] at com.intellij.codeInsight.daemon.impl.analysis.HighlightVisitorImpl$3.run(HighlightVisitorImpl.java:182)
[2016/05/17 04:34:04] [message] at com.intellij.codeInsight.daemon.impl.analysis.RefCountHolder.analyze(RefCountHolder.java:306)
[2016/05/17 04:34:04] [message] at com.intellij.codeInsight.daemon.impl.analysis.HighlightVisitorImpl.analyze(HighlightVisitorImpl.java:179)
[2016/05/17 04:34:04] [message] at com.intellij.codeInsight.daemon.impl.GeneralHighlightingPass.a(GeneralHighlightingPass.java:311)
[2016/05/17 04:34:04] [message] at com.intellij.codeInsight.daemon.impl.GeneralHighlightingPass.access$200(GeneralHighlightingPass.java:65)
[2016/05/17 04:34:04] [message] at com.intellij.codeInsight.daemon.impl.GeneralHighlightingPass$4.run(GeneralHighlightingPass.java:314)
[2016/05/17 04:34:04] [message] at com.intellij.codeInsight.daemon.impl.DefaultHighlightVisitor.analyze(DefaultHighlightVisitor.java:87)
[2016/05/17 04:34:04] [message] at com.intellij.codeInsight.daemon.impl.GeneralHighlightingPass.a(GeneralHighlightingPass.java:311)
[2016/05/17 04:34:04] [message] at com.intellij.codeInsight.daemon.impl.GeneralHighlightingPass.a(GeneralHighlightingPass.java:280)
[2016/05/17 04:34:04] [message] at com.intellij.codeInsight.daemon.impl.GeneralHighlightingPass.collectInformationWithProgress(GeneralHighlightingPass.java:219)
[2016/05/17 04:34:04] [message] at com.intellij.codeInsight.daemon.impl.ProgressableTextEditorHighlightingPass.doCollectInformation(ProgressableTextEditorHighlightingPass.java:82)
[2016/05/17 04:34:04] [message] at com.intellij.codeHighlighting.TextEditorHighlightingPass.collectInformation(TextEditorHighlightingPass.java:67)
[2016/05/17 04:34:04] [message] at com.intellij.codeInsight.daemon.impl.PassExecutorService$ScheduledPass$1$1.run(PassExecutorService.java:444)
[2016/05/17 04:34:04] [message] at com.intellij.openapi.application.impl.ApplicationImpl.tryRunReadAction(ApplicationImpl.java:1177)
[2016/05/17 04:34:04] [message] at com.intellij.codeInsight.daemon.impl.PassExecutorService$ScheduledPass$1.run(PassExecutorService.java:435)
[2016/05/17 04:34:04] [message] at com.intellij.openapi.progress.impl.CoreProgressManager.a(CoreProgressManager.java:446)
[2016/05/17 04:34:04] [message] at com.intellij.openapi.progress.impl.CoreProgressManager.executeProcessUnderProgress(CoreProgressManager.java:392)
[2016/05/17 04:34:04] [message] at com.intellij.openapi.progress.impl.ProgressManagerImpl.executeProcessUnderProgress(ProgressManagerImpl.java:54)
[2016/05/17 04:34:04] [message] at com.intellij.codeInsight.daemon.impl.PassExecutorService$ScheduledPass.a(PassExecutorService.java:432)
[2016/05/17 04:34:04] [message] at com.intellij.codeInsight.daemon.impl.PassExecutorService$ScheduledPass.run(PassExecutorService.java:408)
[2016/05/17 04:34:04] [message] at com.intellij.concurrency.JobLauncherImpl$VoidForkJoinTask$1.exec(JobLauncherImpl.java:206)
[2016/05/17 04:34:04] [message] at jsr166e.ForkJoinTask.doExec(ForkJoinTask.java:260)
[2016/05/17 04:34:04] [message] at jsr166e.ForkJoinPool$WorkQueue.runTask(ForkJoinPool.java:858)
[2016/05/17 04:34:04] [message] at jsr166e.ForkJoinPool.scan(ForkJoinPool.java:1687)
[2016/05/17 04:34:04] [message] at jsr166e.ForkJoinPool.runWorker(ForkJoinPool.java:1642)
[2016/05/17 04:34:04] [message] at jsr166e.ForkJoinWorkerThread.run(ForkJoinWorkerThread.java:108)
[2016/05/17 04:34:04] [message] Caused by: java.lang.ClassNotFoundException: kotlin.SetsKt PluginClassLoader[org.intellij.plugins.markdown, 8.0.0.20151209]
[2016/05/17 04:34:04] [message] at com.intellij.ide.plugins.cl.PluginClassLoader.loadClass(PluginClassLoader.java:68)
[2016/05/17 04:34:04] [message] at java.lang.ClassLoader.loadClass(ClassLoader.java:357)
[2016/05/17 04:34:04] [message] ... 60 more
